Vivado Simulator 2019.2
Copyright 1986-1999, 2001-2019 Xilinx, Inc. All Rights Reserved.
Running: C:/Xilinx/Vivado/2019.2/bin/unwrapped/win64.o/xelab.exe -wto a7f261385aa243bfbe7f141cebafbd2b --incr --debug typical --relax --mt 2 -L xil_defaultlib -L unisims_ver -L secureip --snapshot tb_kuznechik_cipher_apb_wrapper_func_synth xil_defaultlib.tb_kuznechik_cipher_apb_wrapper xil_defaultlib.glbl -log elaborate.log 
Using 2 slave threads.
Starting static elaboration
Pass Through NonSizing Optimizer
Completed static elaboration
Starting simulation data flow analysis
WARNING: [XSIM 43-4100] "C:/Vivado_project/PR_VER/SystemOnChip/SystemOnChip/SystemOnChip.srcs/sim_1/new/tb_kuznechik_cipher_apb_wrapper_2.sv" Line 3. Module tb_kuznechik_cipher_apb_wrapper has a timescale but at least one module in design doesn't have timescale.
WARNING: [XSIM 43-4100] "C:/Vivado_project/PR_VER/SystemOnChip/SystemOnChip/SystemOnChip.sim/sim_1/synth/func/xsim/tb_kuznechik_cipher_apb_wrapper_func_synth.v" Line 121. Module kuznechik_cipher_apb_wrapper has a timescale but at least one module in design doesn't have timescale.
WARNING: [XSIM 43-4100] "C:/Vivado_project/PR_VER/SystemOnChip/SystemOnChip/SystemOnChip.sim/sim_1/synth/func/xsim/tb_kuznechik_cipher_apb_wrapper_func_synth.v" Line 15. Module cipher has a timescale but at least one module in design doesn't have timescale.
WARNING: [XSIM 43-4100] "/wrk/2019.2/continuous/2019_11_06_2708876/data/verilog/src/unisims/LUT2.v" Line 28. Module LUT2 has a timescale but at least one module in design doesn't have timescale.
WARNING: [XSIM 43-4100] "/wrk/2019.2/continuous/2019_11_06_2708876/data/verilog/src/unisims/LUT2.v" Line 65. Module x_lut2_mux4 has a timescale but at least one module in design doesn't have timescale.
WARNING: [XSIM 43-4100] "/wrk/2019.2/continuous/2019_11_06_2708876/data/verilog/src/unisims/LUT2.v" Line 28. Module LUT2 has a timescale but at least one module in design doesn't have timescale.
WARNING: [XSIM 43-4100] "/wrk/2019.2/continuous/2019_11_06_2708876/data/verilog/src/unisims/LUT2.v" Line 65. Module x_lut2_mux4 has a timescale but at least one module in design doesn't have timescale.
WARNING: [XSIM 43-4100] "/wrk/2019.2/continuous/2019_11_06_2708876/data/verilog/src/unisims/FDCE.v" Line 28. Module FDCE_default has a timescale but at least one module in design doesn't have timescale.
WARNING: [XSIM 43-4100] "/wrk/2019.2/continuous/2019_11_06_2708876/data/verilog/src/unisims/LUT4.v" Line 30. Module LUT4 has a timescale but at least one module in design doesn't have timescale.
WARNING: [XSIM 43-4100] "/wrk/2019.2/continuous/2019_11_06_2708876/data/verilog/src/unisims/LUT6.v" Line 30. Module LUT6 has a timescale but at least one module in design doesn't have timescale.
WARNING: [XSIM 43-4100] "/wrk/2019.2/continuous/2019_11_06_2708876/data/verilog/src/unisims/LUT5.v" Line 30. Module LUT5 has a timescale but at least one module in design doesn't have timescale.
WARNING: [XSIM 43-4100] "/wrk/2019.2/continuous/2019_11_06_2708876/data/verilog/src/unisims/LUT6.v" Line 30. Module LUT6 has a timescale but at least one module in design doesn't have timescale.
WARNING: [XSIM 43-4100] "/wrk/2019.2/continuous/2019_11_06_2708876/data/verilog/src/unisims/FDRE.v" Line 27. Module FDRE_default has a timescale but at least one module in design doesn't have timescale.
WARNING: [XSIM 43-4100] "/wrk/2019.2/continuous/2019_11_06_2708876/data/verilog/src/unisims/LUT3.v" Line 28. Module LUT3 has a timescale but at least one module in design doesn't have timescale.
WARNING: [XSIM 43-4100] "/wrk/2019.2/continuous/2019_11_06_2708876/data/verilog/src/unisims/LUT3.v" Line 67. Module x_lut3_mux8 has a timescale but at least one module in design doesn't have timescale.
WARNING: [XSIM 43-4100] "/wrk/2019.2/continuous/2019_11_06_2708876/data/verilog/src/unisims/LUT6.v" Line 30. Module LUT6 has a timescale but at least one module in design doesn't have timescale.
WARNING: [XSIM 43-4100] "/wrk/2019.2/continuous/2019_11_06_2708876/data/verilog/src/unisims/LUT6.v" Line 30. Module LUT6 has a timescale but at least one module in design doesn't have timescale.
WARNING: [XSIM 43-4100] "/wrk/2019.2/continuous/2019_11_06_2708876/data/verilog/src/unisims/LUT2.v" Line 28. Module LUT2 has a timescale but at least one module in design doesn't have timescale.
WARNING: [XSIM 43-4100] "/wrk/2019.2/continuous/2019_11_06_2708876/data/verilog/src/unisims/LUT2.v" Line 65. Module x_lut2_mux4 has a timescale but at least one module in design doesn't have timescale.
WARNING: [XSIM 43-4100] "/wrk/2019.2/continuous/2019_11_06_2708876/data/verilog/src/unisims/LUT3.v" Line 28. Module LUT3 has a timescale but at least one module in design doesn't have timescale.
WARNING: [XSIM 43-4100] "/wrk/2019.2/continuous/2019_11_06_2708876/data/verilog/src/unisims/LUT3.v" Line 67. Module x_lut3_mux8 has a timescale but at least one module in design doesn't have timescale.
WARNING: [XSIM 43-4100] "/wrk/2019.2/continuous/2019_11_06_2708876/data/verilog/src/unisims/LUT6.v" Line 30. Module LUT6 has a timescale but at least one module in design doesn't have timescale.
WARNING: [XSIM 43-4100] "/wrk/2019.2/continuous/2019_11_06_2708876/data/verilog/src/unisims/LUT2.v" Line 28. Module LUT2 has a timescale but at least one module in design doesn't have timescale.
WARNING: [XSIM 43-4100] "/wrk/2019.2/continuous/2019_11_06_2708876/data/verilog/src/unisims/LUT2.v" Line 65. Module x_lut2_mux4 has a timescale but at least one module in design doesn't have timescale.
WARNING: [XSIM 43-4100] "/wrk/2019.2/continuous/2019_11_06_2708876/data/verilog/src/unisims/LUT3.v" Line 28. Module LUT3 has a timescale but at least one module in design doesn't have timescale.
WARNING: [XSIM 43-4100] "/wrk/2019.2/continuous/2019_11_06_2708876/data/verilog/src/unisims/LUT3.v" Line 67. Module x_lut3_mux8 has a timescale but at least one module in design doesn't have timescale.
WARNING: [XSIM 43-4100] "/wrk/2019.2/continuous/2019_11_06_2708876/data/verilog/src/unisims/LUT6.v" Line 30. Module LUT6 has a timescale but at least one module in design doesn't have timescale.
WARNING: [XSIM 43-4100] "/wrk/2019.2/continuous/2019_11_06_2708876/data/verilog/src/unisims/LUT2.v" Line 28. Module LUT2 has a timescale but at least one module in design doesn't have timescale.
WARNING: [XSIM 43-4100] "/wrk/2019.2/continuous/2019_11_06_2708876/data/verilog/src/unisims/LUT2.v" Line 65. Module x_lut2_mux4 has a timescale but at least one module in design doesn't have timescale.
WARNING: [XSIM 43-4100] "/wrk/2019.2/continuous/2019_11_06_2708876/data/verilog/src/unisims/LUT3.v" Line 28. Module LUT3 has a timescale but at least one module in design doesn't have timescale.
WARNING: [XSIM 43-4100] "/wrk/2019.2/continuous/2019_11_06_2708876/data/verilog/src/unisims/LUT3.v" Line 67. Module x_lut3_mux8 has a timescale but at least one module in design doesn't have timescale.
WARNING: [XSIM 43-4100] "/wrk/2019.2/continuous/2019_11_06_2708876/data/verilog/src/unisims/LUT6.v" Line 30. Module LUT6 has a timescale but at least one module in design doesn't have timescale.
WARNING: [XSIM 43-4100] "/wrk/2019.2/continuous/2019_11_06_2708876/data/verilog/src/unisims/LUT2.v" Line 28. Module LUT2 has a timescale but at least one module in design doesn't have timescale.
WARNING: [XSIM 43-4100] "/wrk/2019.2/continuous/2019_11_06_2708876/data/verilog/src/unisims/LUT2.v" Line 65. Module x_lut2_mux4 has a timescale but at least one module in design doesn't have timescale.
WARNING: [XSIM 43-4100] "/wrk/2019.2/continuous/2019_11_06_2708876/data/verilog/src/unisims/FDRE.v" Line 27. Module FDRE_default has a timescale but at least one module in design doesn't have timescale.
WARNING: [XSIM 43-4100] "/wrk/2019.2/continuous/2019_11_06_2708876/data/verilog/src/unisims/FDRE.v" Line 27. Module FDRE_default has a timescale but at least one module in design doesn't have timescale.
WARNING: [XSIM 43-4100] "/wrk/2019.2/continuous/2019_11_06_2708876/data/verilog/src/unisims/FDRE.v" Line 27. Module FDRE_default has a timescale but at least one module in design doesn't have timescale.
WARNING: [XSIM 43-4100] "/wrk/2019.2/continuous/2019_11_06_2708876/data/verilog/src/unisims/FDRE.v" Line 27. Module FDRE_default has a timescale but at least one module in design doesn't have timescale.
WARNING: [XSIM 43-4100] "/wrk/2019.2/continuous/2019_11_06_2708876/data/verilog/src/unisims/FDRE.v" Line 27. Module FDRE_default has a timescale but at least one module in design doesn't have timescale.
WARNING: [XSIM 43-4100] "/wrk/2019.2/continuous/2019_11_06_2708876/data/verilog/src/unisims/FDRE.v" Line 27. Module FDRE_default has a timescale but at least one module in design doesn't have timescale.
WARNING: [XSIM 43-4100] "/wrk/2019.2/continuous/2019_11_06_2708876/data/verilog/src/unisims/FDRE.v" Line 27. Module FDRE_default has a timescale but at least one module in design doesn't have timescale.
WARNING: [XSIM 43-4100] "/wrk/2019.2/continuous/2019_11_06_2708876/data/verilog/src/unisims/FDRE.v" Line 27. Module FDRE_default has a timescale but at least one module in design doesn't have timescale.
WARNING: [XSIM 43-4100] "/wrk/2019.2/continuous/2019_11_06_2708876/data/verilog/src/unisims/FDRE.v" Line 27. Module FDRE_default has a timescale but at least one module in design doesn't have timescale.
WARNING: [XSIM 43-4100] "/wrk/2019.2/continuous/2019_11_06_2708876/data/verilog/src/unisims/FDRE.v" Line 27. Module FDRE_default has a timescale but at least one module in design doesn't have timescale.
WARNING: [XSIM 43-4100] "/wrk/2019.2/continuous/2019_11_06_2708876/data/verilog/src/unisims/FDRE.v" Line 27. Module FDRE_default has a timescale but at least one module in design doesn't have timescale.
WARNING: [XSIM 43-4100] "/wrk/2019.2/continuous/2019_11_06_2708876/data/verilog/src/unisims/FDRE.v" Line 27. Module FDRE_default has a timescale but at least one module in design doesn't have timescale.
WARNING: [XSIM 43-4100] "/wrk/2019.2/continuous/2019_11_06_2708876/data/verilog/src/unisims/FDRE.v" Line 27. Module FDRE_default has a timescale but at least one module in design doesn't have timescale.
WARNING: [XSIM 43-4100] "/wrk/2019.2/continuous/2019_11_06_2708876/data/verilog/src/unisims/FDRE.v" Line 27. Module FDRE_default has a timescale but at least one module in design doesn't have timescale.
WARNING: [XSIM 43-4100] "/wrk/2019.2/continuous/2019_11_06_2708876/data/verilog/src/unisims/FDRE.v" Line 27. Module FDRE_default has a timescale but at least one module in design doesn't have timescale.
WARNING: [XSIM 43-4100] "/wrk/2019.2/continuous/2019_11_06_2708876/data/verilog/src/unisims/FDRE.v" Line 27. Module FDRE_default has a timescale but at least one module in design doesn't have timescale.
INFO: [Common 17-14] Message 'XSIM 43-4100' appears 50 times and further instances of the messages will be disabled. Use the Tcl command set_msg_config to change the current settings.
Completed simulation data flow analysis
Time Resolution for simulation is 1ps
Compiling package xil_defaultlib.kuznechik_cipher_apb_wrapper_pkg
Compiling module unisims_ver.x_lut2_mux4
Compiling module unisims_ver.LUT2
Compiling module unisims_ver.FDCE_default
Compiling module unisims_ver.LUT4
Compiling module unisims_ver.LUT6
Compiling module unisims_ver.LUT5
Compiling module xil_defaultlib.cipher
Compiling module unisims_ver.FDRE_default
Compiling module unisims_ver.x_lut3_mux8
Compiling module unisims_ver.LUT3
Compiling module unisims_ver.IBUF
Compiling module unisims_ver.BUFG
Compiling module unisims_ver.OBUF
Compiling module unisims_ver.x_lut1_mux2
Compiling module unisims_ver.LUT1
Compiling module unisims_ver.FDSE_default
Compiling module xil_defaultlib.kuznechik_cipher_apb_wrapper
Compiling module xil_defaultlib.tb_kuznechik_cipher_apb_wrapper
Compiling module xil_defaultlib.glbl
Built simulation snapshot tb_kuznechik_cipher_apb_wrapper_func_synth
