#-----------------------------------------------------------
# Vivado v2019.2 (64-bit)
# SW Build 2708876 on Wed Nov  6 21:40:23 MST 2019
# IP Build 2700528 on Thu Nov  7 00:09:20 MST 2019
# Start of session at: Mon Apr 17 18:55:50 2023
# Process ID: 6864
# Current directory: C:/Users/8200426/Desktop/pr1
# Command line: vivado.exe -gui_launcher_event rodinguilauncherevent11132 C:\Users\8200426\Desktop\pr1\project_3.xpr
# Log file: C:/Users/8200426/Desktop/pr1/vivado.log
# Journal file: C:/Users/8200426/Desktop/pr1\vivado.jou
#-----------------------------------------------------------
start_gui
open_project C:/Users/8200426/Desktop/pr1/project_3.xpr
INFO: [Project 1-313] Project file moved from 'C:/project_3' since last save.
Scanning sources...
Finished scanning sources
INFO: [IP_Flow 19-234] Refreshing IP repositories
INFO: [IP_Flow 19-1704] No user IP repositories specified
INFO: [IP_Flow 19-2313] Loaded Vivado IP repository 'D:/Xilinx/Vivado/2019.2/data/ip'.
open_project: Time (s): cpu = 00:00:14 ; elapsed = 00:00:20 . Memory (MB): peak = 881.477 ; gain = 215.879
update_compile_order -fileset sources_1
launch_simulation
Command: launch_simulation 
INFO: [Vivado 12-5682] Launching behavioral simulation in 'C:/Users/8200426/Desktop/pr1/project_3.sim/sim_1/behav/xsim'
INFO: [SIM-utils-51] Simulation object is 'sim_1'
INFO: [SIM-utils-54] Inspecting design source files for 'tb_kuznechik_cipher_apb_wrapper' in fileset 'sim_1'...
INFO: [SIM-utils-43] Exported 'C:/Users/8200426/Desktop/pr1/project_3.sim/sim_1/behav/xsim/L_32.mem'
INFO: [SIM-utils-43] Exported 'C:/Users/8200426/Desktop/pr1/project_3.sim/sim_1/behav/xsim/S_box_inverted.mem'
INFO: [SIM-utils-43] Exported 'C:/Users/8200426/Desktop/pr1/project_3.sim/sim_1/behav/xsim/L_148.mem'
INFO: [SIM-utils-43] Exported 'C:/Users/8200426/Desktop/pr1/project_3.sim/sim_1/behav/xsim/S_box.mem'
INFO: [SIM-utils-43] Exported 'C:/Users/8200426/Desktop/pr1/project_3.sim/sim_1/behav/xsim/L_133.mem'
INFO: [SIM-utils-43] Exported 'C:/Users/8200426/Desktop/pr1/project_3.sim/sim_1/behav/xsim/keys.mem'
INFO: [SIM-utils-43] Exported 'C:/Users/8200426/Desktop/pr1/project_3.sim/sim_1/behav/xsim/L_16.mem'
INFO: [SIM-utils-43] Exported 'C:/Users/8200426/Desktop/pr1/project_3.sim/sim_1/behav/xsim/L_192.mem'
INFO: [SIM-utils-43] Exported 'C:/Users/8200426/Desktop/pr1/project_3.sim/sim_1/behav/xsim/L_194.mem'
INFO: [SIM-utils-43] Exported 'C:/Users/8200426/Desktop/pr1/project_3.sim/sim_1/behav/xsim/L_251.mem'
INFO: [USF-XSim-97] Finding global include files...
INFO: [USF-XSim-98] Fetching design files from 'sim_1'...
INFO: [USF-XSim-2] XSim::Compile design
INFO: [USF-XSim-61] Executing 'COMPILE and ANALYZE' step in 'C:/Users/8200426/Desktop/pr1/project_3.sim/sim_1/behav/xsim'
"xvlog --incr --relax -prj tb_kuznechik_cipher_apb_wrapper_vlog.prj"
INFO: [VRFC 10-2263] Analyzing SystemVerilog file "C:/Users/8200426/Desktop/pr1/project_3.srcs/sources_1/new/kuznechik_cipher.sv" into library xil_defaultlib
INFO: [VRFC 10-311] analyzing module kuznechik_cipher
WARNING: [VRFC 10-3380] identifier 'l_phase_out' is used before its declaration [C:/Users/8200426/Desktop/pr1/project_3.srcs/sources_1/new/kuznechik_cipher.sv:128]
INFO: [VRFC 10-2263] Analyzing SystemVerilog file "C:/Users/8200426/Desktop/pr1/project_3.srcs/sources_1/new/kuznechik_cipher_apb_wrapper_pkg.sv" into library xil_defaultlib
INFO: [VRFC 10-2263] Analyzing SystemVerilog file "C:/Users/8200426/Desktop/pr1/project_3.srcs/sources_1/new/kuznechik_cipher_apb_wrapper.sv" into library xil_defaultlib
INFO: [VRFC 10-311] analyzing module kuznechik_cipher_apb_wrapper
INFO: [VRFC 10-2263] Analyzing SystemVerilog file "C:/Users/8200426/Desktop/pr1/project_3.srcs/sim_1/new/tb_kuznechik_cipher_apb_wrapper.sv" into library xil_defaultlib
INFO: [VRFC 10-311] analyzing module tb_kuznechik_cipher_apb_wrapper
INFO: [VRFC 10-2263] Analyzing Verilog file "C:/Users/8200426/Desktop/pr1/project_3.sim/sim_1/behav/xsim/glbl.v" into library xil_defaultlib
INFO: [VRFC 10-311] analyzing module glbl
run_program: Time (s): cpu = 00:00:01 ; elapsed = 00:00:05 . Memory (MB): peak = 901.152 ; gain = 0.000
INFO: [USF-XSim-69] 'compile' step finished in '6' seconds
INFO: [USF-XSim-3] XSim::Elaborate design
INFO: [USF-XSim-61] Executing 'ELABORATE' step in 'C:/Users/8200426/Desktop/pr1/project_3.sim/sim_1/behav/xsim'
"xelab -wto 894ca879db87427899977b88143cd3ae --incr --debug typical --relax --mt 2 -L xil_defaultlib -L unisims_ver -L unimacro_ver -L secureip --snapshot tb_kuznechik_cipher_apb_wrapper_behav xil_defaultlib.tb_kuznechik_cipher_apb_wrapper xil_defaultlib.glbl -log elaborate.log"
Vivado Simulator 2019.2
Copyright 1986-1999, 2001-2019 Xilinx, Inc. All Rights Reserved.
Running: D:/Xilinx/Vivado/2019.2/bin/unwrapped/win64.o/xelab.exe -wto 894ca879db87427899977b88143cd3ae --incr --debug typical --relax --mt 2 -L xil_defaultlib -L unisims_ver -L unimacro_ver -L secureip --snapshot tb_kuznechik_cipher_apb_wrapper_behav xil_defaultlib.tb_kuznechik_cipher_apb_wrapper xil_defaultlib.glbl -log elaborate.log 
Using 2 slave threads.
Starting static elaboration
Pass Through NonSizing Optimizer
Completed static elaboration
Starting simulation data flow analysis
Completed simulation data flow analysis
Time Resolution for simulation is 1ps
Compiling package xil_defaultlib.kuznechik_cipher_apb_wrapper_pkg
Compiling module xil_defaultlib.kuznechik_cipher
Compiling module xil_defaultlib.kuznechik_cipher_apb_wrapper
Compiling module xil_defaultlib.tb_kuznechik_cipher_apb_wrapper
Compiling module xil_defaultlib.glbl
Built simulation snapshot tb_kuznechik_cipher_apb_wrapper_behav
run_program: Time (s): cpu = 00:00:00 ; elapsed = 00:00:09 . Memory (MB): peak = 901.152 ; gain = 0.000
INFO: [USF-XSim-69] 'elaborate' step finished in '8' seconds
INFO: [USF-XSim-4] XSim::Simulate design
INFO: [USF-XSim-61] Executing 'SIMULATE' step in 'C:/Users/8200426/Desktop/pr1/project_3.sim/sim_1/behav/xsim'
INFO: [USF-XSim-98] *** Running xsim
   with args "tb_kuznechik_cipher_apb_wrapper_behav -key {Behavioral:sim_1:Functional:tb_kuznechik_cipher_apb_wrapper} -tclbatch {tb_kuznechik_cipher_apb_wrapper.tcl} -log {simulate.log}"
INFO: [USF-XSim-8] Loading simulator feature
Vivado Simulator 2019.2
Time resolution is 1 ps
source tb_kuznechik_cipher_apb_wrapper.tcl
# set curr_wave [current_wave_config]
# if { [string length $curr_wave] == 0 } {
#   if { [llength [get_objects]] > 0} {
#     add_wave /
#     set_property needs_save false [current_wave_config]
#   } else {
#      send_msg_id Add_Wave-1 WARNING "No top level signals found. Simulator will start without a wave window. If you want to open a wave window go to 'File->New Waveform Configuration' or type 'create_wave_config' in the TCL console."
#   }
# }
# run 1000ns

Starting valid write/read (100 iterations)
Iteration 0
Iteration 1
Iteration 2
Iteration 3
Iteration 4
Iteration 5
INFO: [USF-XSim-96] XSim completed. Design snapshot 'tb_kuznechik_cipher_apb_wrapper_behav' loaded.
INFO: [USF-XSim-97] XSim simulation ran for 1000ns
launch_simulation: Time (s): cpu = 00:00:07 ; elapsed = 00:00:21 . Memory (MB): peak = 919.891 ; gain = 18.738
run 100 us
Iteration 6
Iteration 7
Iteration 8
Iteration 9
Iteration 10
Iteration 11
Iteration 12
Iteration 13
Iteration 14
Iteration 15
Iteration 16
Iteration 17
Iteration 18
Iteration 19
Iteration 20
Iteration 21
Iteration 22
Iteration 23
Iteration 24
Iteration 25
Iteration 26
Iteration 27
Iteration 28
Iteration 29
Iteration 30
Iteration 31
Iteration 32
Iteration 33
Iteration 34
Iteration 35
Iteration 36
Iteration 37
Iteration 38
Iteration 39
Iteration 40
Iteration 41
Iteration 42
Iteration 43
Iteration 44
Iteration 45
Iteration 46
Iteration 47
Iteration 48
Iteration 49
Iteration 50
Iteration 51
Iteration 52
Iteration 53
Iteration 54
Iteration 55
Iteration 56
Iteration 57
Iteration 58
Iteration 59
Iteration 60
Iteration 61
Iteration 62
Iteration 63
Iteration 64
Iteration 65
Iteration 66
Iteration 67
Iteration 68
Iteration 69
Iteration 70
Iteration 71
Iteration 72
Iteration 73
Iteration 74
Iteration 75
Iteration 76
Iteration 77
Iteration 78
Iteration 79
Iteration 80
Iteration 81
Iteration 82
Iteration 83
Iteration 84
Iteration 85
Iteration 86
Iteration 87
Iteration 88
Iteration 89
Iteration 90
Iteration 91
Iteration 92
Iteration 93
Iteration 94
Iteration 95
Iteration 96
Iteration 97
Iteration 98
Iteration 99

Starting invalid write/read (100 iterations)
Iteration 0
Iteration 1
Iteration 2
Iteration 3
Iteration 4
Iteration 5
Iteration 6
Iteration 7
Iteration 8
Iteration 9
Iteration 10
Iteration 11
Iteration 12
Iteration 13
Iteration 14
Iteration 15
Iteration 16
Iteration 17
Iteration 18
Iteration 19
Iteration 20
Iteration 21
Iteration 22
Iteration 23
Iteration 24
Iteration 25
Iteration 26
Iteration 27
Iteration 28
Iteration 29
Iteration 30
Iteration 31
Iteration 32
Iteration 33
Iteration 34
Iteration 35
Iteration 36
Iteration 37
Iteration 38
Iteration 39
Iteration 40
Iteration 41
Iteration 42
Iteration 43
Iteration 44
Iteration 45
Iteration 46
Iteration 47
Iteration 48
Iteration 49
Iteration 50
Iteration 51
Iteration 52
Iteration 53
Iteration 54
Iteration 55
Iteration 56
Iteration 57
Iteration 58
Iteration 59
Iteration 60
Iteration 61
Iteration 62
Iteration 63
Iteration 64
Iteration 65
Iteration 66
Iteration 67
Iteration 68
Iteration 69
Iteration 70
Iteration 71
Iteration 72
Iteration 73
Iteration 74
Iteration 75
Iteration 76
Iteration 77
Iteration 78
Iteration 79
Iteration 80
Iteration 81
Iteration 82
Iteration 83
Iteration 84
Iteration 85
Iteration 86
Iteration 87
Iteration 88
Iteration 89
Iteration 90
Iteration 91
Iteration 92
Iteration 93
Iteration 94
Iteration 95
Iteration 96
Iteration 97
Iteration 98
Iteration 99

Starting work mode test for 11 words (1 iterations)
Iteration 0
Encrypting data: 3ee5c99f9a41c389ac17b4fe99c72ae4
Got encrypted data: 4e6576657220676f6e6e612067697665
Encrypting data: 79cfed3c39fa7677b970bb42a5631ccd
Got encrypted data: 20796f752075700a4e6576657220676f
Encrypting data: 63a148b3d9774cede1c54673c68dcd03
Got encrypted data: 6e6e61206c657420796f7520646f776e
Encrypting data: 2ed02c74160391fd9e8bd4ba21e79a9d
Got encrypted data: 0a4e6576657220676f6e6e612072756e
Encrypting data: 74f245305909226922ac9d24b9ed3b20
Got encrypted data: 2061726f756e6420616e642064657365
Encrypting data: 03dde21c095413db093bb8636d8fc082
Got encrypted data: 727420796f750a4e6576657220676f6e
Encrypting data: bdeb379c9326a275c58c756885c40d47
Got encrypted data: 6e61206d616b6520796f75206372790a
Encrypting data: 2dcabdf6b6488f5f3d56c2fd3d2357b0
Got encrypted data: 4e6576657220676f6e6e612073617920
Encrypting data: 887adf8b545c4334e0070c63d2f344a3
Got encrypted data: 676f6f646279650a4e6576657220676f
Encrypting data: 23feeb9115fab3e4f9739578010f212c
Got encrypted data: 6e6e612074656c6c2061206c69652061
Encrypting data: 53e0ebee97b0c1b8377ac5bce14cb4e8
Got encrypted data: 6e64206875727420796f752020202020
Encrypted message:
Never gonna give you up
Never gonna let you down
Never gonna run around and desert you
Never gonna make you cry
Never gonna say goodbye
Never gonna tell a lie and hurt you     

Starting interrupted work mode test for 11 words (1 iterations)
Iteration 0
Encrypting data: 3ee5c99f9a41c389ac17b4fe99c72ae4
Interrupting
Got encrypted data: 4e6576657220676f6e6e612067697665
Encrypting data: 79cfed3c39fa7677b970bb42a5631ccd
Interrupting
Got encrypted data: 20796f752075700a4e6576657220676f
Encrypting data: 63a148b3d9774cede1c54673c68dcd03
Interrupting
Got encrypted data: 6e6e61206c657420796f7520646f776e
Encrypting data: 2ed02c74160391fd9e8bd4ba21e79a9d
Interrupting
Got encrypted data: 0a4e6576657220676f6e6e612072756e
Encrypting data: 74f245305909226922ac9d24b9ed3b20
Interrupting
Got encrypted data: 2061726f756e6420616e642064657365
Encrypting data: 03dde21c095413db093bb8636d8fc082
Interrupting
Got encrypted data: 727420796f750a4e6576657220676f6e
Encrypting data: bdeb379c9326a275c58c756885c40d47
Interrupting
Got encrypted data: 6e61206d616b6520796f75206372790a
Encrypting data: 2dcabdf6b6488f5f3d56c2fd3d2357b0
Interrupting
Got encrypted data: 4e6576657220676f6e6e612073617920
Encrypting data: 887adf8b545c4334e0070c63d2f344a3
Interrupting
Got encrypted data: 676f6f646279650a4e6576657220676f
Encrypting data: 23feeb9115fab3e4f9739578010f212c
Interrupting
Got encrypted data: 6e6e612074656c6c2061206c69652061
Encrypting data: 53e0ebee97b0c1b8377ac5bce14cb4e8
Interrupting
Got encrypted data: 6e64206875727420796f752020202020
Encrypted message:
Never gonna give you up
Never gonna let you down
Never gonna run around and desert you
Never gonna make you cry
Never gonna say goodbye
Never gonna tell a lie and hurt you     

Starting reset work mode test (5 iterations)
Iteration 0
Encrypting data: d5bc72ab2a665f54833a62066e37cddc
Applying reset
Iteration 1
Encrypting data: e2ad84c5d897f4b11bccbd37640885c8
Applying reset
Iteration 2
Encrypting data: 0bbf7917994744329f3b963e1d9a7b3b
Applying reset
Iteration 3
Encrypting data: 068e3b0db14c4a622247b944cfad0e9f
Applying reset
Iteration 4
Encrypting data: 2402734867b4c1cff97cb4f2d01b58a0
Applying reset

All tests done
$finish called at time : 69765 ns : File "C:/Users/8200426/Desktop/pr1/project_3.srcs/sim_1/new/tb_kuznechik_cipher_apb_wrapper.sv" Line 479
run 100 us
run 100 us
run 100 us
